# JRE version: Java(TM) SE Runtime Environment (8.0_241-b07) (build 1.8.0_241-b07)
# Java VM: Java HotSpot(TM) 64-Bit Server VM (25.241-b07 mixed mode bsd-amd64 compressed oops)
Heap:
 PSYoungGen      total 279552K, used 162736K [0x00000007aab00000, 0x00000007c0000000, 0x00000007c0000000)
  eden space 218112K, 54% used [0x00000007aab00000,0x00000007b1e3f278,0x00000007b8000000)
  from space 61440K, 72% used [0x00000007bc400000,0x00000007befad0f0,0x00000007c0000000)
  to   space 65536K, 0% used [0x00000007b8000000,0x00000007b8000000,0x00000007bc000000)
 ParOldGen       total 699392K, used 365258K [0x0000000780000000, 0x00000007aab00000, 0x00000007aab00000)
  object space 699392K, 52% used [0x0000000780000000,0x00000007964b2b68,0x00000007aab00000)
 Metaspace       used 133335K, capacity 152962K, committed 153216K, reserved 1181696K
  class space    used 18037K, capacity 19996K, committed 20096K, reserved 1048576K
GC Heap History (10 events):
Event: 44.352 GC heap before
{Heap before GC invocations=99 (full 7):
 PSYoungGen      total 294400K, used 294183K [0x00000007aab00000, 0x00000007c0000000, 0x00000007c0000000)
  eden space 251904K, 100% used [0x00000007aab00000,0x00000007ba100000,0x00000007ba100000)
  from space 42496K, 99% used [0x00000007ba100000,0x00000007bca49cd0,0x00000007bca80000)
  to   space 54272K, 0% used [0x00000007bcb00000,0x00000007bcb00000,0x00000007c0000000)
 ParOldGen       total 699392K, used 301258K [0x0000000780000000, 0x00000007aab00000, 0x00000007aab00000)
  object space 699392K, 43% used [0x0000000780000000,0x0000000792632828,0x00000007aab00000)
 Metaspace       used 133173K, capacity 152814K, committed 152960K, reserved 1181696K
  class space    used 18035K, capacity 19992K, committed 20096K, reserved 1048576K
Event: 44.364 GC heap after
Heap after GC invocations=99 (full 7):
 PSYoungGen      total 266240K, used 54241K [0x00000007aab00000, 0x00000007c0000000, 0x00000007c0000000)
  eden space 211968K, 0% used [0x00000007aab00000,0x00000007aab00000,0x00000007b7a00000)
  from space 54272K, 99% used [0x00000007bcb00000,0x00000007bfff8478,0x00000007c0000000)
  to   space 68608K, 0% used [0x00000007b7a00000,0x00000007b7a00000,0x00000007bbd00000)
 ParOldGen       total 699392K, used 314560K [0x0000000780000000, 0x00000007aab00000, 0x00000007aab00000)
  object space 699392K, 44% used [0x0000000780000000,0x0000000793330198,0x00000007aab00000)
 Metaspace       used 133173K, capacity 152814K, committed 152960K, reserved 1181696K
  class space    used 18035K, capacity 19992K, committed 20096K, reserved 1048576K
}
Event: 45.067 GC heap before
{Heap before GC invocations=100 (full 7):
 PSYoungGen      total 266240K, used 266209K [0x00000007aab00000, 0x00000007c0000000, 0x00000007c0000000)
  eden space 211968K, 100% used [0x00000007aab00000,0x00000007b7a00000,0x00000007b7a00000)
  from space 54272K, 99% used [0x00000007bcb00000,0x00000007bfff8478,0x00000007c0000000)
  to   space 68608K, 0% used [0x00000007b7a00000,0x00000007b7a00000,0x00000007bbd00000)
 ParOldGen       total 699392K, used 314560K [0x0000000780000000, 0x00000007aab00000, 0x00000007aab00000)
  object space 699392K, 44% used [0x0000000780000000,0x0000000793330198,0x00000007aab00000)
 Metaspace       used 133187K, capacity 152814K, committed 152960K, reserved 1181696K
  class space    used 18035K, capacity 19992K, committed 20096K, reserved 1048576K
Event: 45.077 GC heap after
Heap after GC invocations=100 (full 7):
 PSYoungGen      total 280576K, used 26840K [0x00000007aab00000, 0x00000007c0000000, 0x00000007c0000000)
  eden space 211968K, 0% used [0x00000007aab00000,0x00000007aab00000,0x00000007b7a00000)
  from space 68608K, 39% used [0x00000007b7a00000,0x00000007b94363e8,0x00000007bbd00000)
  to   space 65024K, 0% used [0x00000007bc080000,0x00000007bc080000,0x00000007c0000000)
 ParOldGen       total 699392K, used 365227K [0x0000000780000000, 0x00000007aab00000, 0x00000007aab00000)
  object space 699392K, 52% used [0x0000000780000000,0x00000007964aac98,0x00000007aab00000)
 Metaspace       used 133187K, capacity 152814K, committed 152960K, reserved 1181696K
  class space    used 18035K, capacity 19992K, committed 20096K, reserved 1048576K
}
Event: 45.826 GC heap before
{Heap before GC invocations=101 (full 7):
 PSYoungGen      total 280576K, used 238808K [0x00000007aab00000, 0x00000007c0000000, 0x00000007c0000000)
  eden space 211968K, 100% used [0x00000007aab00000,0x00000007b7a00000,0x00000007b7a00000)
  from space 68608K, 39% used [0x00000007b7a00000,0x00000007b94363e8,0x00000007bbd00000)
  to   space 65024K, 0% used [0x00000007bc080000,0x00000007bc080000,0x00000007c0000000)
 ParOldGen       total 699392K, used 365227K [0x0000000780000000, 0x00000007aab00000, 0x00000007aab00000)
  object space 699392K, 52% used [0x0000000780000000,0x00000007964aac98,0x00000007aab00000)
 Metaspace       used 133214K, capacity 152878K, committed 153216K, reserved 1181696K
  class space    used 18035K, capacity 19992K, committed 20096K, reserved 1048576K
Event: 45.832 GC heap after
Heap after GC invocations=101 (full 7):
 PSYoungGen      total 273920K, used 10280K [0x00000007aab00000, 0x00000007bf980000, 0x00000007c0000000)
  eden space 215552K, 0% used [0x00000007aab00000,0x00000007aab00000,0x00000007b7d80000)
  from space 58368K, 17% used [0x00000007bc080000,0x00000007bca8a1a8,0x00000007bf980000)
  to   space 63488K, 0% used [0x00000007b7d80000,0x00000007b7d80000,0x00000007bbb80000)
 ParOldGen       total 699392K, used 365235K [0x0000000780000000, 0x00000007aab00000, 0x00000007aab00000)
  object space 699392K, 52% used [0x0000000780000000,0x00000007964acc98,0x00000007aab00000)
 Metaspace       used 133214K, capacity 152878K, committed 153216K, reserved 1181696K
  class space    used 18035K, capacity 19992K, committed 20096K, reserved 1048576K
}
Event: 46.199 GC heap before
{Heap before GC invocations=102 (full 7):
 PSYoungGen      total 273920K, used 225694K [0x00000007aab00000, 0x00000007bf980000, 0x00000007c0000000)
  eden space 215552K, 99% used [0x00000007aab00000,0x00000007b7d5d780,0x00000007b7d80000)
  from space 58368K, 17% used [0x00000007bc080000,0x00000007bca8a1a8,0x00000007bf980000)
  to   space 63488K, 0% used [0x00000007b7d80000,0x00000007b7d80000,0x00000007bbb80000)
 ParOldGen       total 699392K, used 365235K [0x0000000780000000, 0x00000007aab00000, 0x00000007aab00000)
  object space 699392K, 52% used [0x0000000780000000,0x00000007964acc98,0x00000007aab00000)
 Metaspace       used 133308K, capacity 152956K, committed 153216K, reserved 1181696K
  class space    used 18036K, capacity 19995K, committed 20096K, reserved 1048576K
Event: 46.205 GC heap after
Heap after GC invocations=102 (full 7):
 PSYoungGen      total 279040K, used 13552K [0x00000007aab00000, 0x00000007c0000000, 0x00000007c0000000)
  eden space 215552K, 0% used [0x00000007aab00000,0x00000007aab00000,0x00000007b7d80000)
  from space 63488K, 21% used [0x00000007b7d80000,0x00000007b8abc0a8,0x00000007bbb80000)
  to   space 61440K, 0% used [0x00000007bc400000,0x00000007bc400000,0x00000007c0000000)
 ParOldGen       total 699392K, used 365243K [0x0000000780000000, 0x00000007aab00000, 0x00000007aab00000)
  object space 699392K, 52% used [0x0000000780000000,0x00000007964aec98,0x00000007aab00000)
 Metaspace       used 133308K, capacity 152956K, committed 153216K, reserved 1181696K
  class space    used 18036K, capacity 19995K, committed 20096K, reserved 1048576K
}
Event: 46.392 GC heap before
{Heap before GC invocations=103 (full 7):
 PSYoungGen      total 279040K, used 229104K [0x00000007aab00000, 0x00000007c0000000, 0x00000007c0000000)
  eden space 215552K, 100% used [0x00000007aab00000,0x00000007b7d80000,0x00000007b7d80000)
  from space 63488K, 21% used [0x00000007b7d80000,0x00000007b8abc0a8,0x00000007bbb80000)
  to   space 61440K, 0% used [0x00000007bc400000,0x00000007bc400000,0x00000007c0000000)
 ParOldGen       total 699392K, used 365250K [0x0000000780000000, 0x00000007aab00000, 0x00000007aab00000)
  object space 699392K, 52% used [0x0000000780000000,0x00000007964b0b68,0x00000007aab00000)
 Metaspace       used 133325K, capacity 152956K, committed 153216K, reserved 1181696K
  class space    used 18036K, capacity 19995K, committed 20096K, reserved 1048576K
Event: 46.399 GC heap after
Heap after GC invocations=103 (full 7):
 PSYoungGen      total 279552K, used 44724K [0x00000007aab00000, 0x00000007c0000000, 0x00000007c0000000)
  eden space 218112K, 0% used [0x00000007aab00000,0x00000007aab00000,0x00000007b8000000)
  from space 61440K, 72% used [0x00000007bc400000,0x00000007befad0f0,0x00000007c0000000)
  to   space 65536K, 0% used [0x00000007b8000000,0x00000007b8000000,0x00000007bc000000)
 ParOldGen       total 699392K, used 365258K [0x0000000780000000, 0x00000007aab00000, 0x00000007aab00000)
  object space 699392K, 52% used [0x0000000780000000,0x00000007964b2b68,0x00000007aab00000)
 Metaspace       used 133325K, capacity 152956K, committed 153216K, reserved 1181696K
  class space    used 18036K, capacity 19995K, committed 20096K, reserved 1048576K
}

